<?xml version="1.0" encoding="UTF-8"?>
<testsuites>
  <testsuite name="Admin Test Suite" tests="19" assertions="48" failures="0" errors="1" time="30.333732">
    <testsuite name="Admin\Controller\AuthControllerTest" file="C:\wamp\www\cursos\sargentozf2\zf2napratica\module\Admin\tests\src\Admin\Controller\AuthControllerTest.php" tests="5" assertions="15" failures="0" errors="0" time="12.600720">
      <testcase name="test404" class="Admin\Controller\AuthControllerTest" file="C:\wamp\www\cursos\sargentozf2\zf2napratica\module\Admin\tests\src\Admin\Controller\AuthControllerTest.php" line="30" assertions="1" time="2.117121"/>
      <testcase name="testIndexActionLoginForm" class="Admin\Controller\AuthControllerTest" file="C:\wamp\www\cursos\sargentozf2\zf2napratica\module\Admin\tests\src\Admin\Controller\AuthControllerTest.php" line="38" assertions="8" time="6.065347"/>
      <testcase name="testLoginInvalidMethod" class="Admin\Controller\AuthControllerTest" file="C:\wamp\www\cursos\sargentozf2\zf2napratica\module\Admin\tests\src\Admin\Controller\AuthControllerTest.php" line="73" assertions="2" time="1.512086"/>
      <testcase name="testLogin" class="Admin\Controller\AuthControllerTest" file="C:\wamp\www\cursos\sargentozf2\zf2napratica\module\Admin\tests\src\Admin\Controller\AuthControllerTest.php" line="82" assertions="2" time="1.556089"/>
      <testcase name="testLogout" class="Admin\Controller\AuthControllerTest" file="C:\wamp\www\cursos\sargentozf2\zf2napratica\module\Admin\tests\src\Admin\Controller\AuthControllerTest.php" line="102" assertions="2" time="1.350077"/>
    </testsuite>
    <testsuite name="Admin\Model\UserTest" file="C:\wamp\www\cursos\sargentozf2\zf2napratica\module\Admin\tests\src\Admin\Model\UserTest.php" tests="8" assertions="20" failures="0" errors="0" time="10.373593">
      <testcase name="testGetInputFilter" class="Admin\Model\UserTest" file="C:\wamp\www\cursos\sargentozf2\zf2napratica\module\Admin\tests\src\Admin\Model\UserTest.php" line="13" assertions="1" time="1.160066"/>
      <testcase name="testInputFilterValid" class="Admin\Model\UserTest" file="C:\wamp\www\cursos\sargentozf2\zf2napratica\module\Admin\tests\src\Admin\Model\UserTest.php" line="25" assertions="7" time="1.230070"/>
      <testcase name="testInputFilterInvalidoUsername" class="Admin\Model\UserTest" file="C:\wamp\www\cursos\sargentozf2\zf2napratica\module\Admin\tests\src\Admin\Model\UserTest.php" line="41" assertions="1" time="1.170067"/>
      <testcase name="testInputFilterInvalidoRole" class="Admin\Model\UserTest" file="C:\wamp\www\cursos\sargentozf2\zf2napratica\module\Admin\tests\src\Admin\Model\UserTest.php" line="54" assertions="1" time="1.326076"/>
      <testcase name="testInsert" class="Admin\Model\UserTest" file="C:\wamp\www\cursos\sargentozf2\zf2napratica\module\Admin\tests\src\Admin\Model\UserTest.php" line="67" assertions="2" time="1.375079"/>
      <testcase name="testInsertInvalido" class="Admin\Model\UserTest" file="C:\wamp\www\cursos\sargentozf2\zf2napratica\module\Admin\tests\src\Admin\Model\UserTest.php" line="81" assertions="2" time="1.280073"/>
      <testcase name="testUpdate" class="Admin\Model\UserTest" file="C:\wamp\www\cursos\sargentozf2\zf2napratica\module\Admin\tests\src\Admin\Model\UserTest.php" line="90" assertions="3" time="1.501086"/>
      <testcase name="testDelete" class="Admin\Model\UserTest" file="C:\wamp\www\cursos\sargentozf2\zf2napratica\module\Admin\tests\src\Admin\Model\UserTest.php" line="113" assertions="3" time="1.331076"/>
    </testsuite>
    <testsuite name="Admin\Service\AuthTest" file="C:\wamp\www\cursos\sargentozf2\zf2napratica\module\Admin\tests\src\Admin\Service\AuthTest.php" tests="6" assertions="13" failures="0" errors="1" time="7.359419">
      <testcase name="testAuthenticateWithoutParams" class="Admin\Service\AuthTest" file="C:\wamp\www\cursos\sargentozf2\zf2napratica\module\Admin\tests\src\Admin\Service\AuthTest.php" line="28" assertions="0" time="1.161066">
        <error type="PHPUnit_Framework_Error_Warning">Admin\Service\AuthTest::testAuthenticateWithoutParams
Missing argument 1 for Admin\Service\Auth::authenticate(), called in C:\wamp\www\cursos\sargentozf2\zf2napratica\module\Admin\tests\src\Admin\Service\AuthTest.php on line 32 and defined

C:\wamp\www\cursos\sargentozf2\zf2napratica\module\Admin\src\Admin\Service\Auth.php:40
C:\wamp\www\cursos\sargentozf2\zf2napratica\module\Admin\tests\src\Admin\Service\AuthTest.php:32
</error>
      </testcase>
      <testcase name="testAuthenticateEmptyParams" class="Admin\Service\AuthTest" file="C:\wamp\www\cursos\sargentozf2\zf2napratica\module\Admin\tests\src\Admin\Service\AuthTest.php" line="41" assertions="2" time="1.131064"/>
      <testcase name="testAuthenticateInvalidParameters" class="Admin\Service\AuthTest" file="C:\wamp\www\cursos\sargentozf2\zf2napratica\module\Admin\tests\src\Admin\Service\AuthTest.php" line="54" assertions="2" time="1.065061"/>
      <testcase name="testAuthenticateInvalidPassord" class="Admin\Service\AuthTest" file="C:\wamp\www\cursos\sargentozf2\zf2napratica\module\Admin\tests\src\Admin\Service\AuthTest.php" line="67" assertions="2" time="1.297074"/>
      <testcase name="testAuthenticateValidParams" class="Admin\Service\AuthTest" file="C:\wamp\www\cursos\sargentozf2\zf2napratica\module\Admin\tests\src\Admin\Service\AuthTest.php" line="79" assertions="3" time="1.338076"/>
      <testcase name="testLogout" class="Admin\Service\AuthTest" file="C:\wamp\www\cursos\sargentozf2\zf2napratica\module\Admin\tests\src\Admin\Service\AuthTest.php" line="115" assertions="4" time="1.367078"/>
    </testsuite>
  </testsuite>
</testsuites>
