<?xml version="1.0" encoding="UTF-8"?>
<testsuites>
  <testsuite name="Admin Test Suite" tests="8" assertions="20" failures="0" errors="0" time="9.933570">
    <testsuite name="Admin\Model\UserTest" file="C:\wamp\www\cursos\sargentozf2\zf2napratica\module\Admin\tests\src\Admin\Model\UserTest.php" tests="8" assertions="20" failures="0" errors="0" time="9.933570">
      <testcase name="testGetInputFilter" class="Admin\Model\UserTest" file="C:\wamp\www\cursos\sargentozf2\zf2napratica\module\Admin\tests\src\Admin\Model\UserTest.php" line="13" assertions="1" time="0.879051"/>
      <testcase name="testInputFilterValid" class="Admin\Model\UserTest" file="C:\wamp\www\cursos\sargentozf2\zf2napratica\module\Admin\tests\src\Admin\Model\UserTest.php" line="25" assertions="7" time="1.726099"/>
      <testcase name="testInputFilterInvalidoUsername" class="Admin\Model\UserTest" file="C:\wamp\www\cursos\sargentozf2\zf2napratica\module\Admin\tests\src\Admin\Model\UserTest.php" line="41" assertions="1" time="1.061061"/>
      <testcase name="testInputFilterInvalidoRole" class="Admin\Model\UserTest" file="C:\wamp\www\cursos\sargentozf2\zf2napratica\module\Admin\tests\src\Admin\Model\UserTest.php" line="54" assertions="1" time="1.050060"/>
      <testcase name="testInsert" class="Admin\Model\UserTest" file="C:\wamp\www\cursos\sargentozf2\zf2napratica\module\Admin\tests\src\Admin\Model\UserTest.php" line="67" assertions="2" time="1.205069"/>
      <testcase name="testInsertInvalido" class="Admin\Model\UserTest" file="C:\wamp\www\cursos\sargentozf2\zf2napratica\module\Admin\tests\src\Admin\Model\UserTest.php" line="81" assertions="2" time="1.146065"/>
      <testcase name="testUpdate" class="Admin\Model\UserTest" file="C:\wamp\www\cursos\sargentozf2\zf2napratica\module\Admin\tests\src\Admin\Model\UserTest.php" line="90" assertions="3" time="1.455084"/>
      <testcase name="testDelete" class="Admin\Model\UserTest" file="C:\wamp\www\cursos\sargentozf2\zf2napratica\module\Admin\tests\src\Admin\Model\UserTest.php" line="113" assertions="3" time="1.411081"/>
    </testsuite>
  </testsuite>
</testsuites>
